e:\git\trabalhoga_ed2019\projetos\jogogb_mauricio\debug\vc141.pdb
e:\git\trabalhoga_ed2019\projetos\jogogb_mauricio\debug\vc141.idb
e:\git\trabalhoga_ed2019\projetos\jogogb_mauricio\debug\asteroid.obj
e:\git\trabalhoga_ed2019\projetos\jogogb_mauricio\debug\item.obj
e:\git\trabalhoga_ed2019\projetos\jogogb_mauricio\debug\itembase.obj
e:\git\trabalhoga_ed2019\projetos\jogogb_mauricio\debug\jogo.obj
e:\git\trabalhoga_ed2019\projetos\jogogb_mauricio\debug\main.obj
e:\git\trabalhoga_ed2019\projetos\jogogb_mauricio\debug\pilha.obj
e:\git\trabalhoga_ed2019\projetos\jogogb_mauricio\debug\player.obj
e:\git\trabalhoga_ed2019\projetos\jogogb_mauricio\debug\tela.obj
e:\git\trabalhoga_ed2019\projetos\jogogb_mauricio\debug\tiro.obj
e:\git\trabalhoga_ed2019\projetos\jogogb_mauricio\debug\playerstatus.obj
e:\git\trabalhoga_ed2019\projetos\jogogb_mauricio\debug\save.obj
e:\git\trabalhoga_ed2019\projetos\jogogb_mauricio\bin\base-debug.exe
e:\git\trabalhoga_ed2019\projetos\jogogb_mauricio\bin\base-debug.ilk
e:\git\trabalhoga_ed2019\projetos\jogogb_mauricio\bin\base-debug.pdb
e:\git\trabalhoga_ed2019\projetos\jogogb_mauricio\debug\base.tlog\cl.command.1.tlog
e:\git\trabalhoga_ed2019\projetos\jogogb_mauricio\debug\base.tlog\cl.read.1.tlog
e:\git\trabalhoga_ed2019\projetos\jogogb_mauricio\debug\base.tlog\cl.write.1.tlog
e:\git\trabalhoga_ed2019\projetos\jogogb_mauricio\debug\base.tlog\link.command.1.tlog
e:\git\trabalhoga_ed2019\projetos\jogogb_mauricio\debug\base.tlog\link.read.1.tlog
e:\git\trabalhoga_ed2019\projetos\jogogb_mauricio\debug\base.tlog\link.write.1.tlog
