  Jogo.cpp
e:\git\trabalhoga_ed2019\projetos\jogoga_mauricio\jogo.cpp(16): warning C4244: 'argumento': conversão de 'time_t' para 'unsigned int', possível perda de dados
e:\git\trabalhoga_ed2019\projetos\jogoga_mauricio\jogo.cpp(42): warning C4244: 'argumento': conversão de 'int' para 'float', possível perda de dados
e:\git\trabalhoga_ed2019\projetos\jogoga_mauricio\jogo.cpp(46): warning C4244: 'argumento': conversão de 'int' para 'float', possível perda de dados
e:\git\trabalhoga_ed2019\projetos\jogoga_mauricio\jogo.cpp(147): warning C4244: 'argumento': conversão de 'int' para 'float', possível perda de dados
e:\git\trabalhoga_ed2019\projetos\jogoga_mauricio\jogo.cpp(158): warning C4244: 'argumento': conversão de 'int' para 'float', possível perda de dados
e:\git\trabalhoga_ed2019\projetos\jogoga_mauricio\jogo.cpp(169): warning C4244: 'argumento': conversão de 'int' para 'float', possível perda de dados
e:\git\trabalhoga_ed2019\projetos\jogoga_mauricio\jogo.cpp(168): warning C4244: 'argumento': conversão de 'int' para 'float', possível perda de dados
  Gerando Código...
  Ignorando... (nenhuma alteração relevante detectada)
  main.cpp
Asteroid.obj : warning LNK4075: ignorando '/EDITANDCONTINUE' devido a especificaþÒo '/SAFESEH'
libUnicornio_d.lib(Audio.obj) : warning LNK4099: PDB 'libUnicornio-Windows.pdb' nÒo foi encontrado 'libUnicornio_d.lib(Audio.obj)' ou no 'E:\GIT\TrabalhoGA_ED2019\projetos\JogoGA_Mauricio\bin\libUnicornio-Windows.pdb'; vinculando objeto quando quando sem nenhuma informaþÒo de depuraþÒo
libUnicornio_d.lib(GerenciadorDeMusica.obj) : warning LNK4099: PDB 'libUnicornio-Windows.pdb' nÒo foi encontrado 'libUnicornio_d.lib(GerenciadorDeMusica.obj)' ou no 'E:\GIT\TrabalhoGA_ED2019\projetos\JogoGA_Mauricio\bin\libUnicornio-Windows.pdb'; vinculando objeto quando quando sem nenhuma informaþÒo de depuraþÒo
libUnicornio_d.lib(MixadorDeAudios.obj) : warning LNK4099: PDB 'libUnicornio-Windows.pdb' nÒo foi encontrado 'libUnicornio_d.lib(MixadorDeAudios.obj)' ou no 'E:\GIT\TrabalhoGA_ED2019\projetos\JogoGA_Mauricio\bin\libUnicornio-Windows.pdb'; vinculando objeto quando quando sem nenhuma informaþÒo de depuraþÒo
libUnicornio_d.lib(Musica.obj) : warning LNK4099: PDB 'libUnicornio-Windows.pdb' nÒo foi encontrado 'libUnicornio_d.lib(Musica.obj)' ou no 'E:\GIT\TrabalhoGA_ED2019\projetos\JogoGA_Mauricio\bin\libUnicornio-Windows.pdb'; vinculando objeto quando quando sem nenhuma informaþÒo de depuraþÒo
libUnicornio_d.lib(Som.obj) : warning LNK4099: PDB 'libUnicornio-Windows.pdb' nÒo foi encontrado 'libUnicornio_d.lib(Som.obj)' ou no 'E:\GIT\TrabalhoGA_ED2019\projetos\JogoGA_Mauricio\bin\libUnicornio-Windows.pdb'; vinculando objeto quando quando sem nenhuma informaþÒo de depuraþÒo
libUnicornio_d.lib(uniTestarColisao.obj) : warning LNK4099: PDB 'libUnicornio-Windows.pdb' nÒo foi encontrado 'libUnicornio_d.lib(uniTestarColisao.obj)' ou no 'E:\GIT\TrabalhoGA_ED2019\projetos\JogoGA_Mauricio\bin\libUnicornio-Windows.pdb'; vinculando objeto quando quando sem nenhuma informaþÒo de depuraþÒo
libUnicornio_d.lib(uniTestarColisaoSprite.obj) : warning LNK4099: PDB 'libUnicornio-Windows.pdb' nÒo foi encontrado 'libUnicornio_d.lib(uniTestarColisaoSprite.obj)' ou no 'E:\GIT\TrabalhoGA_ED2019\projetos\JogoGA_Mauricio\bin\libUnicornio-Windows.pdb'; vinculando objeto quando quando sem nenhuma informaþÒo de depuraþÒo
libUnicornio_d.lib(PainelDeDebug.obj) : warning LNK4099: PDB 'libUnicornio-Windows.pdb' nÒo foi encontrado 'libUnicornio_d.lib(PainelDeDebug.obj)' ou no 'E:\GIT\TrabalhoGA_ED2019\projetos\JogoGA_Mauricio\bin\libUnicornio-Windows.pdb'; vinculando objeto quando quando sem nenhuma informaþÒo de depuraþÒo
libUnicornio_d.lib(GerenciadorDeEventos.obj) : warning LNK4099: PDB 'libUnicornio-Windows.pdb' nÒo foi encontrado 'libUnicornio_d.lib(GerenciadorDeEventos.obj)' ou no 'E:\GIT\TrabalhoGA_ED2019\projetos\JogoGA_Mauricio\bin\libUnicornio-Windows.pdb'; vinculando objeto quando quando sem nenhuma informaþÒo de depuraþÒo
libUnicornio_d.lib(EventosInputTexto.obj) : warning LNK4099: PDB 'libUnicornio-Windows.pdb' nÒo foi encontrado 'libUnicornio_d.lib(EventosInputTexto.obj)' ou no 'E:\GIT\TrabalhoGA_ED2019\projetos\JogoGA_Mauricio\bin\libUnicornio-Windows.pdb'; vinculando objeto quando quando sem nenhuma informaþÒo de depuraþÒo
libUnicornio_d.lib(EventosJoysticks.obj) : warning LNK4099: PDB 'libUnicornio-Windows.pdb' nÒo foi encontrado 'libUnicornio_d.lib(EventosJoysticks.obj)' ou no 'E:\GIT\TrabalhoGA_ED2019\projetos\JogoGA_Mauricio\bin\libUnicornio-Windows.pdb'; vinculando objeto quando quando sem nenhuma informaþÒo de depuraþÒo
libUnicornio_d.lib(EventosMouse.obj) : warning LNK4099: PDB 'libUnicornio-Windows.pdb' nÒo foi encontrado 'libUnicornio_d.lib(EventosMouse.obj)' ou no 'E:\GIT\TrabalhoGA_ED2019\projetos\JogoGA_Mauricio\bin\libUnicornio-Windows.pdb'; vinculando objeto quando quando sem nenhuma informaþÒo de depuraþÒo
libUnicornio_d.lib(EventosTeclado.obj) : warning LNK4099: PDB 'libUnicornio-Windows.pdb' nÒo foi encontrado 'libUnicornio_d.lib(EventosTeclado.obj)' ou no 'E:\GIT\TrabalhoGA_ED2019\projetos\JogoGA_Mauricio\bin\libUnicornio-Windows.pdb'; vinculando objeto quando quando sem nenhuma informaþÒo de depuraþÒo
libUnicornio_d.lib(EventosToques.obj) : warning LNK4099: PDB 'libUnicornio-Windows.pdb' nÒo foi encontrado 'libUnicornio_d.lib(EventosToques.obj)' ou no 'E:\GIT\TrabalhoGA_ED2019\projetos\JogoGA_Mauricio\bin\libUnicornio-Windows.pdb'; vinculando objeto quando quando sem nenhuma informaþÒo de depuraþÒo
libUnicornio_d.lib(Joystick.obj) : warning LNK4099: PDB 'libUnicornio-Windows.pdb' nÒo foi encontrado 'libUnicornio_d.lib(Joystick.obj)' ou no 'E:\GIT\TrabalhoGA_ED2019\projetos\JogoGA_Mauricio\bin\libUnicornio-Windows.pdb'; vinculando objeto quando quando sem nenhuma informaþÒo de depuraþÒo
libUnicornio_d.lib(Global.obj) : warning LNK4099: PDB 'libUnicornio-Windows.pdb' nÒo foi encontrado 'libUnicornio_d.lib(Global.obj)' ou no 'E:\GIT\TrabalhoGA_ED2019\projetos\JogoGA_Mauricio\bin\libUnicornio-Windows.pdb'; vinculando objeto quando quando sem nenhuma informaþÒo de depuraþÒo
libUnicornio_d.lib(BotaoSprite.obj) : warning LNK4099: PDB 'libUnicornio-Windows.pdb' nÒo foi encontrado 'libUnicornio_d.lib(BotaoSprite.obj)' ou no 'E:\GIT\TrabalhoGA_ED2019\projetos\JogoGA_Mauricio\bin\libUnicornio-Windows.pdb'; vinculando objeto quando quando sem nenhuma informaþÒo de depuraþÒo
libUnicornio_d.lib(jsoncpp.obj) : warning LNK4099: PDB 'libUnicornio-Windows.pdb' nÒo foi encontrado 'libUnicornio_d.lib(jsoncpp.obj)' ou no 'E:\GIT\TrabalhoGA_ED2019\projetos\JogoGA_Mauricio\bin\libUnicornio-Windows.pdb'; vinculando objeto quando quando sem nenhuma informaþÒo de depuraþÒo
libUnicornio_d.lib(Quad.obj) : warning LNK4099: PDB 'libUnicornio-Windows.pdb' nÒo foi encontrado 'libUnicornio_d.lib(Quad.obj)' ou no 'E:\GIT\TrabalhoGA_ED2019\projetos\JogoGA_Mauricio\bin\libUnicornio-Windows.pdb'; vinculando objeto quando quando sem nenhuma informaþÒo de depuraþÒo
libUnicornio_d.lib(GerenciadorDeRecursos.obj) : warning LNK4099: PDB 'libUnicornio-Windows.pdb' nÒo foi encontrado 'libUnicornio_d.lib(GerenciadorDeRecursos.obj)' ou no 'E:\GIT\TrabalhoGA_ED2019\projetos\JogoGA_Mauricio\bin\libUnicornio-Windows.pdb'; vinculando objeto quando quando sem nenhuma informaþÒo de depuraþÒo
libUnicornio_d.lib(Cor.obj) : warning LNK4099: PDB 'libUnicornio-Windows.pdb' nÒo foi encontrado 'libUnicornio_d.lib(Cor.obj)' ou no 'E:\GIT\TrabalhoGA_ED2019\projetos\JogoGA_Mauricio\bin\libUnicornio-Windows.pdb'; vinculando objeto quando quando sem nenhuma informaþÒo de depuraþÒo
libUnicornio_d.lib(Fading.obj) : warning LNK4099: PDB 'libUnicornio-Windows.pdb' nÒo foi encontrado 'libUnicornio_d.lib(Fading.obj)' ou no 'E:\GIT\TrabalhoGA_ED2019\projetos\JogoGA_Mauricio\bin\libUnicornio-Windows.pdb'; vinculando objeto quando quando sem nenhuma informaþÒo de depuraþÒo
libUnicornio_d.lib(Fonte.obj) : warning LNK4099: PDB 'libUnicornio-Windows.pdb' nÒo foi encontrado 'libUnicornio_d.lib(Fonte.obj)' ou no 'E:\GIT\TrabalhoGA_ED2019\projetos\JogoGA_Mauricio\bin\libUnicornio-Windows.pdb'; vinculando objeto quando quando sem nenhuma informaþÒo de depuraþÒo
libUnicornio_d.lib(GerenciadorDeGraficos.obj) : warning LNK4099: PDB 'libUnicornio-Windows.pdb' nÒo foi encontrado 'libUnicornio_d.lib(GerenciadorDeGraficos.obj)' ou no 'E:\GIT\TrabalhoGA_ED2019\projetos\JogoGA_Mauricio\bin\libUnicornio-Windows.pdb'; vinculando objeto quando quando sem nenhuma informaþÒo de depuraþÒo
libUnicornio_d.lib(Janela.obj) : warning LNK4099: PDB 'libUnicornio-Windows.pdb' nÒo foi encontrado 'libUnicornio_d.lib(Janela.obj)' ou no 'E:\GIT\TrabalhoGA_ED2019\projetos\JogoGA_Mauricio\bin\libUnicornio-Windows.pdb'; vinculando objeto quando quando sem nenhuma informaþÒo de depuraþÒo
libUnicornio_d.lib(Sprite.obj) : warning LNK4099: PDB 'libUnicornio-Windows.pdb' nÒo foi encontrado 'libUnicornio_d.lib(Sprite.obj)' ou no 'E:\GIT\TrabalhoGA_ED2019\projetos\JogoGA_Mauricio\bin\libUnicornio-Windows.pdb'; vinculando objeto quando quando sem nenhuma informaþÒo de depuraþÒo
libUnicornio_d.lib(SpriteSheet.obj) : warning LNK4099: PDB 'libUnicornio-Windows.pdb' nÒo foi encontrado 'libUnicornio_d.lib(SpriteSheet.obj)' ou no 'E:\GIT\TrabalhoGA_ED2019\projetos\JogoGA_Mauricio\bin\libUnicornio-Windows.pdb'; vinculando objeto quando quando sem nenhuma informaþÒo de depuraþÒo
libUnicornio_d.lib(Texto.obj) : warning LNK4099: PDB 'libUnicornio-Windows.pdb' nÒo foi encontrado 'libUnicornio_d.lib(Texto.obj)' ou no 'E:\GIT\TrabalhoGA_ED2019\projetos\JogoGA_Mauricio\bin\libUnicornio-Windows.pdb'; vinculando objeto quando quando sem nenhuma informaþÒo de depuraþÒo
libUnicornio_d.lib(Textura.obj) : warning LNK4099: PDB 'libUnicornio-Windows.pdb' nÒo foi encontrado 'libUnicornio_d.lib(Textura.obj)' ou no 'E:\GIT\TrabalhoGA_ED2019\projetos\JogoGA_Mauricio\bin\libUnicornio-Windows.pdb'; vinculando objeto quando quando sem nenhuma informaþÒo de depuraþÒo
libUnicornio_d.lib(TexturaBase.obj) : warning LNK4099: PDB 'libUnicornio-Windows.pdb' nÒo foi encontrado 'libUnicornio_d.lib(TexturaBase.obj)' ou no 'E:\GIT\TrabalhoGA_ED2019\projetos\JogoGA_Mauricio\bin\libUnicornio-Windows.pdb'; vinculando objeto quando quando sem nenhuma informaþÒo de depuraþÒo
libUnicornio_d.lib(GerenciadorDeStrings.obj) : warning LNK4099: PDB 'libUnicornio-Windows.pdb' nÒo foi encontrado 'libUnicornio_d.lib(GerenciadorDeStrings.obj)' ou no 'E:\GIT\TrabalhoGA_ED2019\projetos\JogoGA_Mauricio\bin\libUnicornio-Windows.pdb'; vinculando objeto quando quando sem nenhuma informaþÒo de depuraþÒo
libUnicornio_d.lib(GrupoDeStrings.obj) : warning LNK4099: PDB 'libUnicornio-Windows.pdb' nÒo foi encontrado 'libUnicornio_d.lib(GrupoDeStrings.obj)' ou no 'E:\GIT\TrabalhoGA_ED2019\projetos\JogoGA_Mauricio\bin\libUnicornio-Windows.pdb'; vinculando objeto quando quando sem nenhuma informaþÒo de depuraþÒo
libUnicornio_d.lib(GerenciadorDeTempo.obj) : warning LNK4099: PDB 'libUnicornio-Windows.pdb' nÒo foi encontrado 'libUnicornio_d.lib(GerenciadorDeTempo.obj)' ou no 'E:\GIT\TrabalhoGA_ED2019\projetos\JogoGA_Mauricio\bin\libUnicornio-Windows.pdb'; vinculando objeto quando quando sem nenhuma informaþÒo de depuraþÒo
libUnicornio_d.lib(uniFuncoesPrincipais.obj) : warning LNK4099: PDB 'libUnicornio-Windows.pdb' nÒo foi encontrado 'libUnicornio_d.lib(uniFuncoesPrincipais.obj)' ou no 'E:\GIT\TrabalhoGA_ED2019\projetos\JogoGA_Mauricio\bin\libUnicornio-Windows.pdb'; vinculando objeto quando quando sem nenhuma informaþÒo de depuraþÒo
libUnicornio_d.lib(uniRand.obj) : warning LNK4099: PDB 'libUnicornio-Windows.pdb' nÒo foi encontrado 'libUnicornio_d.lib(uniRand.obj)' ou no 'E:\GIT\TrabalhoGA_ED2019\projetos\JogoGA_Mauricio\bin\libUnicornio-Windows.pdb'; vinculando objeto quando quando sem nenhuma informaþÒo de depuraþÒo
libUnicornio_d.lib(Vetor2D.obj) : warning LNK4099: PDB 'libUnicornio-Windows.pdb' nÒo foi encontrado 'libUnicornio_d.lib(Vetor2D.obj)' ou no 'E:\GIT\TrabalhoGA_ED2019\projetos\JogoGA_Mauricio\bin\libUnicornio-Windows.pdb'; vinculando objeto quando quando sem nenhuma informaþÒo de depuraþÒo
  base.vcxproj -> E:\GIT\TrabalhoGA_ED2019\projetos\JogoGA_Mauricio\bin\base-debug.exe
